<?xml version="1.0" encoding="UTF-8"?>
<coverage generated="1767948350139" clover="3.2.0">
  <project timestamp="1767948350139" name="All files">
    <metrics statements="26" coveredstatements="21" conditionals="2" coveredconditionals="1" methods="11" coveredmethods="5" elements="39" coveredelements="27" complexity="0" loc="26" ncloc="26" packages="2" files="7" classes="7"/>
    <package name="components">
      <metrics statements="7" coveredstatements="7" conditionals="2" coveredconditionals="1" methods="3" coveredmethods="3"/>
      <file name="Contact.tsx" path="C:\Users\dawar\OneDrive\Desktop\coding\webdev\FOOD-DELIVERY-APP\src\components\Contact.tsx">
        <metrics statements="2" coveredstatements="2" conditionals="0" coveredconditionals="0" methods="1" coveredmethods="1"/>
        <line num="1" count="1" type="stmt"/>
        <line num="2" count="2" type="stmt"/>
      </file>
      <file name="Header.tsx" path="C:\Users\dawar\OneDrive\Desktop\coding\webdev\FOOD-DELIVERY-APP\src\components\Header.tsx">
        <metrics statements="5" coveredstatements="5" conditionals="2" coveredconditionals="1" methods="2" coveredmethods="2"/>
        <line num="7" count="1" type="stmt"/>
        <line num="8" count="2" type="stmt"/>
        <line num="9" count="1" type="stmt"/>
        <line num="10" count="1" type="stmt"/>
        <line num="11" count="1" type="stmt"/>
      </file>
    </package>
    <package name="utils">
      <metrics statements="19" coveredstatements="14" conditionals="0" coveredconditionals="0" methods="8" coveredmethods="2"/>
      <file name="Const.ts" path="C:\Users\dawar\OneDrive\Desktop\coding\webdev\FOOD-DELIVERY-APP\src\utils\Const.ts">
        <metrics statements="4" coveredstatements="4" conditionals="0" coveredconditionals="0" methods="0" coveredmethods="0"/>
        <line num="2" count="1" type="stmt"/>
        <line num="3" count="1" type="stmt"/>
        <line num="4" count="1" type="stmt"/>
        <line num="5" count="1" type="stmt"/>
      </file>
      <file name="UserContext.tsx" path="C:\Users\dawar\OneDrive\Desktop\coding\webdev\FOOD-DELIVERY-APP\src\utils\UserContext.tsx">
        <metrics statements="1" coveredstatements="1" conditionals="0" coveredconditionals="0" methods="1" coveredmethods="0"/>
        <line num="6" count="1" type="stmt"/>
      </file>
      <file name="appStore.tsx" path="C:\Users\dawar\OneDrive\Desktop\coding\webdev\FOOD-DELIVERY-APP\src\utils\appStore.tsx">
        <metrics statements="1" coveredstatements="1" conditionals="0" coveredconditionals="0" methods="0" coveredmethods="0"/>
        <line num="3" count="1" type="stmt"/>
      </file>
      <file name="cartSlice.tsx" path="C:\Users\dawar\OneDrive\Desktop\coding\webdev\FOOD-DELIVERY-APP\src\utils\cartSlice.tsx">
        <metrics statements="5" coveredstatements="2" conditionals="0" coveredconditionals="0" methods="3" coveredmethods="0"/>
        <line num="2" count="1" type="stmt"/>
        <line num="9" count="0" type="stmt"/>
        <line num="12" count="0" type="stmt"/>
        <line num="15" count="0" type="stmt"/>
        <line num="21" count="1" type="stmt"/>
      </file>
      <file name="useOnlineStatus.tsx" path="C:\Users\dawar\OneDrive\Desktop\coding\webdev\FOOD-DELIVERY-APP\src\utils\useOnlineStatus.tsx">
        <metrics statements="8" coveredstatements="6" conditionals="0" coveredconditionals="0" methods="4" coveredmethods="2"/>
        <line num="3" count="1" type="stmt"/>
        <line num="4" count="1" type="stmt"/>
        <line num="5" count="1" type="stmt"/>
        <line num="6" count="1" type="stmt"/>
        <line num="7" count="0" type="stmt"/>
        <line num="9" count="1" type="stmt"/>
        <line num="10" count="0" type="stmt"/>
        <line num="14" count="1" type="stmt"/>
      </file>
    </package>
  </project>
</coverage>
