<?xml version="1.0" encoding="UTF-8"?>
<coverage generated="1767948119676" clover="3.2.0">
  <project timestamp="1767948119676" name="All files">
    <metrics statements="20" coveredstatements="9" conditionals="2" coveredconditionals="0" methods="8" coveredmethods="1" elements="30" coveredelements="10" complexity="0" loc="20" ncloc="20" packages="2" files="5" classes="5"/>
    <package name="components">
      <metrics statements="7" coveredstatements="3" conditionals="2" coveredconditionals="0" methods="3" coveredmethods="1"/>
      <file name="Contact.tsx" path="C:\Users\dawar\OneDrive\Desktop\coding\webdev\FOOD-DELIVERY-APP\src\components\Contact.tsx">
        <metrics statements="2" coveredstatements="2" conditionals="0" coveredconditionals="0" methods="1" coveredmethods="1"/>
        <line num="1" count="1" type="stmt"/>
        <line num="2" count="2" type="stmt"/>
      </file>
      <file name="Header.tsx" path="C:\Users\dawar\OneDrive\Desktop\coding\webdev\FOOD-DELIVERY-APP\src\components\Header.tsx">
        <metrics statements="5" coveredstatements="1" conditionals="2" coveredconditionals="0" methods="2" coveredmethods="0"/>
        <line num="7" count="1" type="stmt"/>
        <line num="8" count="0" type="stmt"/>
        <line num="9" count="0" type="stmt"/>
        <line num="10" count="0" type="stmt"/>
        <line num="11" count="0" type="stmt"/>
      </file>
    </package>
    <package name="utils">
      <metrics statements="13" coveredstatements="6" conditionals="0" coveredconditionals="0" methods="5" coveredmethods="0"/>
      <file name="Const.ts" path="C:\Users\dawar\OneDrive\Desktop\coding\webdev\FOOD-DELIVERY-APP\src\utils\Const.ts">
        <metrics statements="4" coveredstatements="4" conditionals="0" coveredconditionals="0" methods="0" coveredmethods="0"/>
        <line num="2" count="1" type="stmt"/>
        <line num="3" count="1" type="stmt"/>
        <line num="4" count="1" type="stmt"/>
        <line num="5" count="1" type="stmt"/>
      </file>
      <file name="UserContext.tsx" path="C:\Users\dawar\OneDrive\Desktop\coding\webdev\FOOD-DELIVERY-APP\src\utils\UserContext.tsx">
        <metrics statements="1" coveredstatements="1" conditionals="0" coveredconditionals="0" methods="1" coveredmethods="0"/>
        <line num="6" count="1" type="stmt"/>
      </file>
      <file name="useOnlineStatus.tsx" path="C:\Users\dawar\OneDrive\Desktop\coding\webdev\FOOD-DELIVERY-APP\src\utils\useOnlineStatus.tsx">
        <metrics statements="8" coveredstatements="1" conditionals="0" coveredconditionals="0" methods="4" coveredmethods="0"/>
        <line num="3" count="1" type="stmt"/>
        <line num="4" count="0" type="stmt"/>
        <line num="5" count="0" type="stmt"/>
        <line num="6" count="0" type="stmt"/>
        <line num="7" count="0" type="stmt"/>
        <line num="9" count="0" type="stmt"/>
        <line num="10" count="0" type="stmt"/>
        <line num="14" count="0" type="stmt"/>
      </file>
    </package>
  </project>
</coverage>
