{"C:\\Users\\dawar\\OneDrive\\Desktop\\coding\\webdev\\FOOD-DELIVERY-APP\\src\\components\\Contact.tsx": {"path":"C:\\Users\\dawar\\OneDrive\\Desktop\\coding\\webdev\\FOOD-DELIVERY-APP\\src\\components\\Contact.tsx","statementMap":{"0":{"start":{"line":1,"column":14},"end":{"line":14,"column":1}},"1":{"start":{"line":2,"column":4},"end":{"line":13,"column":6}}},"fnMap":{"0":{"name":"(anonymous_0)","decl":{"start":{"line":1,"column":14},"end":{"line":1,"column":15}},"loc":{"start":{"line":1,"column":18},"end":{"line":14,"column":1}},"line":1}},"branchMap":{},"s":{"0":1,"1":2},"f":{"0":2},"b":{},"_coverageSchema":"1a1c01bbd47fc00a2c39e90264f33305004495a9","hash":"47449ae409330e2da12baed82c36d05b8f627448"}
,"C:\\Users\\dawar\\OneDrive\\Desktop\\coding\\webdev\\FOOD-DELIVERY-APP\\src\\components\\Header.tsx": {"path":"C:\\Users\\dawar\\OneDrive\\Desktop\\coding\\webdev\\FOOD-DELIVERY-APP\\src\\components\\Header.tsx","statementMap":{"0":{"start":{"line":7,"column":15},"end":{"line":71,"column":1}},"1":{"start":{"line":8,"column":20},"end":{"line":8,"column":58}},"2":{"start":{"line":8,"column":41},"end":{"line":8,"column":57}},"3":{"start":{"line":9,"column":4},"end":{"line":9,"column":27}},"4":{"start":{"line":10,"column":17},"end":{"line":10,"column":40}},"5":{"start":{"line":11,"column":4},"end":{"line":70,"column":6}}},"fnMap":{"0":{"name":"(anonymous_0)","decl":{"start":{"line":7,"column":15},"end":{"line":7,"column":16}},"loc":{"start":{"line":7,"column":20},"end":{"line":71,"column":1}},"line":7},"1":{"name":"(anonymous_1)","decl":{"start":{"line":8,"column":32},"end":{"line":8,"column":33}},"loc":{"start":{"line":8,"column":41},"end":{"line":8,"column":57}},"line":8}},"branchMap":{"0":{"loc":{"start":{"line":20,"column":33},"end":{"line":20,"column":63}},"type":"cond-expr","locations":[{"start":{"line":20,"column":53},"end":{"line":20,"column":56}},{"start":{"line":20,"column":59},"end":{"line":20,"column":63}}],"line":20}},"s":{"0":1,"1":0,"2":0,"3":0,"4":0,"5":0},"f":{"0":0,"1":0},"b":{"0":[0,0]},"_coverageSchema":"1a1c01bbd47fc00a2c39e90264f33305004495a9","hash":"7d788298a7cd62348d49c907a4effb088391a42b"}
,"C:\\Users\\dawar\\OneDrive\\Desktop\\coding\\webdev\\FOOD-DELIVERY-APP\\src\\utils\\Const.ts": {"path":"C:\\Users\\dawar\\OneDrive\\Desktop\\coding\\webdev\\FOOD-DELIVERY-APP\\src\\utils\\Const.ts","statementMap":{"0":{"start":{"line":2,"column":0},"end":{"line":2,"column":83}},"1":{"start":{"line":3,"column":26},"end":{"line":3,"column":9123}},"2":{"start":{"line":4,"column":28},"end":{"line":4,"column":181}},"3":{"start":{"line":5,"column":24},"end":{"line":5,"column":138}}},"fnMap":{},"branchMap":{},"s":{"0":1,"1":1,"2":1,"3":1},"f":{},"b":{},"_coverageSchema":"1a1c01bbd47fc00a2c39e90264f33305004495a9","hash":"1e89f1818207c280eba2d592086d45f61783fdef"}
,"C:\\Users\\dawar\\OneDrive\\Desktop\\coding\\webdev\\FOOD-DELIVERY-APP\\src\\utils\\UserContext.tsx": {"path":"C:\\Users\\dawar\\OneDrive\\Desktop\\coding\\webdev\\FOOD-DELIVERY-APP\\src\\utils\\UserContext.tsx","statementMap":{"0":{"start":{"line":6,"column":20},"end":{"line":10,"column":21}}},"fnMap":{"0":{"name":"(anonymous_0)","decl":{"start":{"line":8,"column":15},"end":{"line":8,"column":16}},"loc":{"start":{"line":8,"column":21},"end":{"line":8,"column":23}},"line":8}},"branchMap":{},"s":{"0":1},"f":{"0":0},"b":{},"_coverageSchema":"1a1c01bbd47fc00a2c39e90264f33305004495a9","hash":"714fb3aaf51685a158082d7a5de9656c8adb124f"}
,"C:\\Users\\dawar\\OneDrive\\Desktop\\coding\\webdev\\FOOD-DELIVERY-APP\\src\\utils\\useOnlineStatus.tsx": {"path":"C:\\Users\\dawar\\OneDrive\\Desktop\\coding\\webdev\\FOOD-DELIVERY-APP\\src\\utils\\useOnlineStatus.tsx","statementMap":{"0":{"start":{"line":3,"column":22},"end":{"line":15,"column":1}},"1":{"start":{"line":4,"column":33},"end":{"line":4,"column":56}},"2":{"start":{"line":5,"column":4},"end":{"line":13,"column":10}},"3":{"start":{"line":6,"column":8},"end":{"line":8,"column":11}},"4":{"start":{"line":7,"column":12},"end":{"line":7,"column":30}},"5":{"start":{"line":9,"column":8},"end":{"line":11,"column":11}},"6":{"start":{"line":10,"column":12},"end":{"line":10,"column":31}},"7":{"start":{"line":14,"column":4},"end":{"line":14,"column":20}}},"fnMap":{"0":{"name":"(anonymous_0)","decl":{"start":{"line":3,"column":22},"end":{"line":3,"column":23}},"loc":{"start":{"line":3,"column":34},"end":{"line":15,"column":1}},"line":3},"1":{"name":"(anonymous_1)","decl":{"start":{"line":5,"column":14},"end":{"line":5,"column":15}},"loc":{"start":{"line":5,"column":18},"end":{"line":13,"column":5}},"line":5},"2":{"name":"(anonymous_2)","decl":{"start":{"line":6,"column":41},"end":{"line":6,"column":42}},"loc":{"start":{"line":6,"column":45},"end":{"line":8,"column":9}},"line":6},"3":{"name":"(anonymous_3)","decl":{"start":{"line":9,"column":42},"end":{"line":9,"column":43}},"loc":{"start":{"line":9,"column":46},"end":{"line":11,"column":9}},"line":9}},"branchMap":{},"s":{"0":1,"1":0,"2":0,"3":0,"4":0,"5":0,"6":0,"7":0},"f":{"0":0,"1":0,"2":0,"3":0},"b":{},"_coverageSchema":"1a1c01bbd47fc00a2c39e90264f33305004495a9","hash":"7f15b4aa93198757dc4661addba09850769ba405"}
}
